[22-Apr-2014 20:03:52 UTC] PHP Strict Standards:  Declaration of The_Bootstrap_Nav_Walker::start_lvl() should be compatible with Walker::start_lvl(&$output, $depth = 0, $args = Array) in /var/wp_sites/uafuml/public/wp-content/themes/the-bootstrap/inc/nav-menu-walker.php on line 104
[22-Apr-2014 20:03:52 UTC] PHP Strict Standards:  Declaration of The_Bootstrap_Nav_Walker::start_el() should be compatible with Walker::start_el(&$output, $object, $depth = 0, $args = Array, $current_object_id = 0) in /var/wp_sites/uafuml/public/wp-content/themes/the-bootstrap/inc/nav-menu-walker.php on line 104
[22-Apr-2014 20:03:53 UTC] PHP Strict Standards:  Declaration of The_Bootstrap_Nav_Walker::start_lvl() should be compatible with Walker::start_lvl(&$output, $depth = 0, $args = Array) in /var/wp_sites/uafuml/public/wp-content/themes/the-bootstrap/inc/nav-menu-walker.php on line 104
[22-Apr-2014 20:03:53 UTC] PHP Strict Standards:  Declaration of The_Bootstrap_Nav_Walker::start_el() should be compatible with Walker::start_el(&$output, $object, $depth = 0, $args = Array, $current_object_id = 0) in /var/wp_sites/uafuml/public/wp-content/themes/the-bootstrap/inc/nav-menu-walker.php on line 104
[22-Apr-2014 20:03:53 UTC] PHP Strict Standards:  Declaration of The_Bootstrap_Nav_Walker::start_lvl() should be compatible with Walker::start_lvl(&$output, $depth = 0, $args = Array) in /var/wp_sites/uafuml/public/wp-content/themes/the-bootstrap/inc/nav-menu-walker.php on line 104
[22-Apr-2014 20:03:53 UTC] PHP Strict Standards:  Declaration of The_Bootstrap_Nav_Walker::start_el() should be compatible with Walker::start_el(&$output, $object, $depth = 0, $args = Array, $current_object_id = 0) in /var/wp_sites/uafuml/public/wp-content/themes/the-bootstrap/inc/nav-menu-walker.php on line 104
[22-Apr-2014 20:04:10 UTC] PHP Strict Standards:  Declaration of The_Bootstrap_Nav_Walker::start_lvl() should be compatible with Walker::start_lvl(&$output, $depth = 0, $args = Array) in /var/wp_sites/uafuml/public/wp-content/themes/the-bootstrap/inc/nav-menu-walker.php on line 104
[22-Apr-2014 20:04:10 UTC] PHP Strict Standards:  Declaration of The_Bootstrap_Nav_Walker::start_el() should be compatible with Walker::start_el(&$output, $object, $depth = 0, $args = Array, $current_object_id = 0) in /var/wp_sites/uafuml/public/wp-content/themes/the-bootstrap/inc/nav-menu-walker.php on line 104
[22-Apr-2014 20:04:18 UTC] PHP Strict Standards:  Declaration of The_Bootstrap_Nav_Walker::start_lvl() should be compatible with Walker::start_lvl(&$output, $depth = 0, $args = Array) in /var/wp_sites/uafuml/public/wp-content/themes/the-bootstrap/inc/nav-menu-walker.php on line 104
[22-Apr-2014 20:04:18 UTC] PHP Strict Standards:  Declaration of The_Bootstrap_Nav_Walker::start_el() should be compatible with Walker::start_el(&$output, $object, $depth = 0, $args = Array, $current_object_id = 0) in /var/wp_sites/uafuml/public/wp-content/themes/the-bootstrap/inc/nav-menu-walker.php on line 104
[22-Apr-2014 20:04:23 UTC] PHP Strict Standards:  Declaration of The_Bootstrap_Nav_Walker::start_lvl() should be compatible with Walker::start_lvl(&$output, $depth = 0, $args = Array) in /var/wp_sites/uafuml/public/wp-content/themes/the-bootstrap/inc/nav-menu-walker.php on line 104
[22-Apr-2014 20:04:23 UTC] PHP Strict Standards:  Declaration of The_Bootstrap_Nav_Walker::start_el() should be compatible with Walker::start_el(&$output, $object, $depth = 0, $args = Array, $current_object_id = 0) in /var/wp_sites/uafuml/public/wp-content/themes/the-bootstrap/inc/nav-menu-walker.php on line 104
[22-Apr-2014 20:05:24 UTC] PHP Strict Standards:  Declaration of The_Bootstrap_Nav_Walker::start_lvl() should be compatible with Walker::start_lvl(&$output, $depth = 0, $args = Array) in /var/wp_sites/uafuml/public/wp-content/themes/the-bootstrap/inc/nav-menu-walker.php on line 104
[22-Apr-2014 20:05:24 UTC] PHP Strict Standards:  Declaration of The_Bootstrap_Nav_Walker::start_el() should be compatible with Walker::start_el(&$output, $object, $depth = 0, $args = Array, $current_object_id = 0) in /var/wp_sites/uafuml/public/wp-content/themes/the-bootstrap/inc/nav-menu-walker.php on line 104
[22-Apr-2014 20:05:50 UTC] PHP Strict Standards:  Declaration of The_Bootstrap_Nav_Walker::start_lvl() should be compatible with Walker::start_lvl(&$output, $depth = 0, $args = Array) in /var/wp_sites/uafuml/public/wp-content/themes/the-bootstrap/inc/nav-menu-walker.php on line 104
[22-Apr-2014 20:05:50 UTC] PHP Strict Standards:  Declaration of The_Bootstrap_Nav_Walker::start_el() should be compatible with Walker::start_el(&$output, $object, $depth = 0, $args = Array, $current_object_id = 0) in /var/wp_sites/uafuml/public/wp-content/themes/the-bootstrap/inc/nav-menu-walker.php on line 104
[22-Apr-2014 20:05:55 UTC] PHP Strict Standards:  Declaration of The_Bootstrap_Nav_Walker::start_lvl() should be compatible with Walker::start_lvl(&$output, $depth = 0, $args = Array) in /var/wp_sites/uafuml/public/wp-content/themes/the-bootstrap/inc/nav-menu-walker.php on line 104
[22-Apr-2014 20:05:55 UTC] PHP Strict Standards:  Declaration of The_Bootstrap_Nav_Walker::start_el() should be compatible with Walker::start_el(&$output, $object, $depth = 0, $args = Array, $current_object_id = 0) in /var/wp_sites/uafuml/public/wp-content/themes/the-bootstrap/inc/nav-menu-walker.php on line 104
[22-Apr-2014 20:06:42 UTC] PHP Strict Standards:  Declaration of The_Bootstrap_Nav_Walker::start_lvl() should be compatible with Walker::start_lvl(&$output, $depth = 0, $args = Array) in /var/wp_sites/uafuml/public/wp-content/themes/the-bootstrap/inc/nav-menu-walker.php on line 104
[22-Apr-2014 20:06:42 UTC] PHP Strict Standards:  Declaration of The_Bootstrap_Nav_Walker::start_el() should be compatible with Walker::start_el(&$output, $object, $depth = 0, $args = Array, $current_object_id = 0) in /var/wp_sites/uafuml/public/wp-content/themes/the-bootstrap/inc/nav-menu-walker.php on line 104
[22-Apr-2014 20:07:02 UTC] PHP Strict Standards:  Declaration of The_Bootstrap_Nav_Walker::start_lvl() should be compatible with Walker::start_lvl(&$output, $depth = 0, $args = Array) in /var/wp_sites/uafuml/public/wp-content/themes/the-bootstrap/inc/nav-menu-walker.php on line 104
[22-Apr-2014 20:07:02 UTC] PHP Strict Standards:  Declaration of The_Bootstrap_Nav_Walker::start_el() should be compatible with Walker::start_el(&$output, $object, $depth = 0, $args = Array, $current_object_id = 0) in /var/wp_sites/uafuml/public/wp-content/themes/the-bootstrap/inc/nav-menu-walker.php on line 104
[22-Apr-2014 20:07:12 UTC] PHP Strict Standards:  Declaration of The_Bootstrap_Nav_Walker::start_lvl() should be compatible with Walker::start_lvl(&$output, $depth = 0, $args = Array) in /var/wp_sites/uafuml/public/wp-content/themes/the-bootstrap/inc/nav-menu-walker.php on line 104
[22-Apr-2014 20:07:12 UTC] PHP Strict Standards:  Declaration of The_Bootstrap_Nav_Walker::start_el() should be compatible with Walker::start_el(&$output, $object, $depth = 0, $args = Array, $current_object_id = 0) in /var/wp_sites/uafuml/public/wp-content/themes/the-bootstrap/inc/nav-menu-walker.php on line 104
[22-Apr-2014 20:07:30 UTC] PHP Strict Standards:  Declaration of The_Bootstrap_Nav_Walker::start_lvl() should be compatible with Walker::start_lvl(&$output, $depth = 0, $args = Array) in /var/wp_sites/uafuml/public/wp-content/themes/the-bootstrap/inc/nav-menu-walker.php on line 104
[22-Apr-2014 20:07:30 UTC] PHP Strict Standards:  Declaration of The_Bootstrap_Nav_Walker::start_el() should be compatible with Walker::start_el(&$output, $object, $depth = 0, $args = Array, $current_object_id = 0) in /var/wp_sites/uafuml/public/wp-content/themes/the-bootstrap/inc/nav-menu-walker.php on line 104
[22-Apr-2014 20:07:31 UTC] PHP Strict Standards:  Declaration of The_Bootstrap_Nav_Walker::start_lvl() should be compatible with Walker::start_lvl(&$output, $depth = 0, $args = Array) in /var/wp_sites/uafuml/public/wp-content/themes/the-bootstrap/inc/nav-menu-walker.php on line 104
[22-Apr-2014 20:07:31 UTC] PHP Strict Standards:  Declaration of The_Bootstrap_Nav_Walker::start_el() should be compatible with Walker::start_el(&$output, $object, $depth = 0, $args = Array, $current_object_id = 0) in /var/wp_sites/uafuml/public/wp-content/themes/the-bootstrap/inc/nav-menu-walker.php on line 104
[22-Apr-2014 20:08:13 UTC] PHP Strict Standards:  Declaration of The_Bootstrap_Nav_Walker::start_lvl() should be compatible with Walker::start_lvl(&$output, $depth = 0, $args = Array) in /var/wp_sites/uafuml/public/wp-content/themes/the-bootstrap/inc/nav-menu-walker.php on line 104
[22-Apr-2014 20:08:13 UTC] PHP Strict Standards:  Declaration of The_Bootstrap_Nav_Walker::start_el() should be compatible with Walker::start_el(&$output, $object, $depth = 0, $args = Array, $current_object_id = 0) in /var/wp_sites/uafuml/public/wp-content/themes/the-bootstrap/inc/nav-menu-walker.php on line 104
[22-Apr-2014 20:08:17 UTC] PHP Strict Standards:  Declaration of The_Bootstrap_Nav_Walker::start_lvl() should be compatible with Walker::start_lvl(&$output, $depth = 0, $args = Array) in /var/wp_sites/uafuml/public/wp-content/themes/the-bootstrap/inc/nav-menu-walker.php on line 104
[22-Apr-2014 20:08:17 UTC] PHP Strict Standards:  Declaration of The_Bootstrap_Nav_Walker::start_el() should be compatible with Walker::start_el(&$output, $object, $depth = 0, $args = Array, $current_object_id = 0) in /var/wp_sites/uafuml/public/wp-content/themes/the-bootstrap/inc/nav-menu-walker.php on line 104
[22-Apr-2014 20:08:17 UTC] PHP Strict Standards:  Declaration of The_Bootstrap_Nav_Walker::start_lvl() should be compatible with Walker::start_lvl(&$output, $depth = 0, $args = Array) in /var/wp_sites/uafuml/public/wp-content/themes/the-bootstrap/inc/nav-menu-walker.php on line 104
[22-Apr-2014 20:08:17 UTC] PHP Strict Standards:  Declaration of The_Bootstrap_Nav_Walker::start_el() should be compatible with Walker::start_el(&$output, $object, $depth = 0, $args = Array, $current_object_id = 0) in /var/wp_sites/uafuml/public/wp-content/themes/the-bootstrap/inc/nav-menu-walker.php on line 104
[22-Apr-2014 20:08:23 UTC] PHP Strict Standards:  Declaration of The_Bootstrap_Nav_Walker::start_lvl() should be compatible with Walker::start_lvl(&$output, $depth = 0, $args = Array) in /var/wp_sites/uafuml/public/wp-content/themes/the-bootstrap/inc/nav-menu-walker.php on line 104
[22-Apr-2014 20:08:23 UTC] PHP Strict Standards:  Declaration of The_Bootstrap_Nav_Walker::start_el() should be compatible with Walker::start_el(&$output, $object, $depth = 0, $args = Array, $current_object_id = 0) in /var/wp_sites/uafuml/public/wp-content/themes/the-bootstrap/inc/nav-menu-walker.php on line 104
[22-Apr-2014 20:08:23 UTC] PHP Strict Standards:  Declaration of The_Bootstrap_Nav_Walker::start_lvl() should be compatible with Walker::start_lvl(&$output, $depth = 0, $args = Array) in /var/wp_sites/uafuml/public/wp-content/themes/the-bootstrap/inc/nav-menu-walker.php on line 104
[22-Apr-2014 20:08:23 UTC] PHP Strict Standards:  Declaration of The_Bootstrap_Nav_Walker::start_el() should be compatible with Walker::start_el(&$output, $object, $depth = 0, $args = Array, $current_object_id = 0) in /var/wp_sites/uafuml/public/wp-content/themes/the-bootstrap/inc/nav-menu-walker.php on line 104
[22-Apr-2014 20:08:29 UTC] PHP Strict Standards:  Declaration of The_Bootstrap_Nav_Walker::start_lvl() should be compatible with Walker::start_lvl(&$output, $depth = 0, $args = Array) in /var/wp_sites/uafuml/public/wp-content/themes/the-bootstrap/inc/nav-menu-walker.php on line 104
[22-Apr-2014 20:08:29 UTC] PHP Strict Standards:  Declaration of The_Bootstrap_Nav_Walker::start_el() should be compatible with Walker::start_el(&$output, $object, $depth = 0, $args = Array, $current_object_id = 0) in /var/wp_sites/uafuml/public/wp-content/themes/the-bootstrap/inc/nav-menu-walker.php on line 104
[22-Apr-2014 20:09:06 UTC] PHP Strict Standards:  Declaration of The_Bootstrap_Nav_Walker::start_lvl() should be compatible with Walker::start_lvl(&$output, $depth = 0, $args = Array) in /var/wp_sites/uafuml/public/wp-content/themes/the-bootstrap/inc/nav-menu-walker.php on line 104
[22-Apr-2014 20:09:06 UTC] PHP Strict Standards:  Declaration of The_Bootstrap_Nav_Walker::start_el() should be compatible with Walker::start_el(&$output, $object, $depth = 0, $args = Array, $current_object_id = 0) in /var/wp_sites/uafuml/public/wp-content/themes/the-bootstrap/inc/nav-menu-walker.php on line 104
[22-Apr-2014 20:10:06 UTC] PHP Strict Standards:  Declaration of The_Bootstrap_Nav_Walker::start_lvl() should be compatible with Walker::start_lvl(&$output, $depth = 0, $args = Array) in /var/wp_sites/uafuml/public/wp-content/themes/the-bootstrap/inc/nav-menu-walker.php on line 104
[22-Apr-2014 20:10:06 UTC] PHP Strict Standards:  Declaration of The_Bootstrap_Nav_Walker::start_el() should be compatible with Walker::start_el(&$output, $object, $depth = 0, $args = Array, $current_object_id = 0) in /var/wp_sites/uafuml/public/wp-content/themes/the-bootstrap/inc/nav-menu-walker.php on line 104
[22-Apr-2014 20:11:07 UTC] PHP Strict Standards:  Declaration of The_Bootstrap_Nav_Walker::start_lvl() should be compatible with Walker::start_lvl(&$output, $depth = 0, $args = Array) in /var/wp_sites/uafuml/public/wp-content/themes/the-bootstrap/inc/nav-menu-walker.php on line 104
[22-Apr-2014 20:11:07 UTC] PHP Strict Standards:  Declaration of The_Bootstrap_Nav_Walker::start_el() should be compatible with Walker::start_el(&$output, $object, $depth = 0, $args = Array, $current_object_id = 0) in /var/wp_sites/uafuml/public/wp-content/themes/the-bootstrap/inc/nav-menu-walker.php on line 104
[22-Apr-2014 20:13:07 UTC] PHP Strict Standards:  Declaration of The_Bootstrap_Nav_Walker::start_lvl() should be compatible with Walker::start_lvl(&$output, $depth = 0, $args = Array) in /var/wp_sites/uafuml/public/wp-content/themes/the-bootstrap/inc/nav-menu-walker.php on line 104
[22-Apr-2014 20:13:07 UTC] PHP Strict Standards:  Declaration of The_Bootstrap_Nav_Walker::start_el() should be compatible with Walker::start_el(&$output, $object, $depth = 0, $args = Array, $current_object_id = 0) in /var/wp_sites/uafuml/public/wp-content/themes/the-bootstrap/inc/nav-menu-walker.php on line 104
[22-Apr-2014 20:15:07 UTC] PHP Strict Standards:  Declaration of The_Bootstrap_Nav_Walker::start_lvl() should be compatible with Walker::start_lvl(&$output, $depth = 0, $args = Array) in /var/wp_sites/uafuml/public/wp-content/themes/the-bootstrap/inc/nav-menu-walker.php on line 104
[22-Apr-2014 20:15:07 UTC] PHP Strict Standards:  Declaration of The_Bootstrap_Nav_Walker::start_el() should be compatible with Walker::start_el(&$output, $object, $depth = 0, $args = Array, $current_object_id = 0) in /var/wp_sites/uafuml/public/wp-content/themes/the-bootstrap/inc/nav-menu-walker.php on line 104
[22-Apr-2014 20:17:07 UTC] PHP Strict Standards:  Declaration of The_Bootstrap_Nav_Walker::start_lvl() should be compatible with Walker::start_lvl(&$output, $depth = 0, $args = Array) in /var/wp_sites/uafuml/public/wp-content/themes/the-bootstrap/inc/nav-menu-walker.php on line 104
[22-Apr-2014 20:17:07 UTC] PHP Strict Standards:  Declaration of The_Bootstrap_Nav_Walker::start_el() should be compatible with Walker::start_el(&$output, $object, $depth = 0, $args = Array, $current_object_id = 0) in /var/wp_sites/uafuml/public/wp-content/themes/the-bootstrap/inc/nav-menu-walker.php on line 104
[22-Apr-2014 20:19:07 UTC] PHP Strict Standards:  Declaration of The_Bootstrap_Nav_Walker::start_lvl() should be compatible with Walker::start_lvl(&$output, $depth = 0, $args = Array) in /var/wp_sites/uafuml/public/wp-content/themes/the-bootstrap/inc/nav-menu-walker.php on line 104
[22-Apr-2014 20:19:07 UTC] PHP Strict Standards:  Declaration of The_Bootstrap_Nav_Walker::start_el() should be compatible with Walker::start_el(&$output, $object, $depth = 0, $args = Array, $current_object_id = 0) in /var/wp_sites/uafuml/public/wp-content/themes/the-bootstrap/inc/nav-menu-walker.php on line 104
[22-Apr-2014 20:21:07 UTC] PHP Strict Standards:  Declaration of The_Bootstrap_Nav_Walker::start_lvl() should be compatible with Walker::start_lvl(&$output, $depth = 0, $args = Array) in /var/wp_sites/uafuml/public/wp-content/themes/the-bootstrap/inc/nav-menu-walker.php on line 104
[22-Apr-2014 20:21:07 UTC] PHP Strict Standards:  Declaration of The_Bootstrap_Nav_Walker::start_el() should be compatible with Walker::start_el(&$output, $object, $depth = 0, $args = Array, $current_object_id = 0) in /var/wp_sites/uafuml/public/wp-content/themes/the-bootstrap/inc/nav-menu-walker.php on line 104
[22-Apr-2014 20:23:07 UTC] PHP Strict Standards:  Declaration of The_Bootstrap_Nav_Walker::start_lvl() should be compatible with Walker::start_lvl(&$output, $depth = 0, $args = Array) in /var/wp_sites/uafuml/public/wp-content/themes/the-bootstrap/inc/nav-menu-walker.php on line 104
[22-Apr-2014 20:23:07 UTC] PHP Strict Standards:  Declaration of The_Bootstrap_Nav_Walker::start_el() should be compatible with Walker::start_el(&$output, $object, $depth = 0, $args = Array, $current_object_id = 0) in /var/wp_sites/uafuml/public/wp-content/themes/the-bootstrap/inc/nav-menu-walker.php on line 104
[22-Apr-2014 20:25:07 UTC] PHP Strict Standards:  Declaration of The_Bootstrap_Nav_Walker::start_lvl() should be compatible with Walker::start_lvl(&$output, $depth = 0, $args = Array) in /var/wp_sites/uafuml/public/wp-content/themes/the-bootstrap/inc/nav-menu-walker.php on line 104
[22-Apr-2014 20:25:07 UTC] PHP Strict Standards:  Declaration of The_Bootstrap_Nav_Walker::start_el() should be compatible with Walker::start_el(&$output, $object, $depth = 0, $args = Array, $current_object_id = 0) in /var/wp_sites/uafuml/public/wp-content/themes/the-bootstrap/inc/nav-menu-walker.php on line 104
[22-Apr-2014 20:26:37 UTC] PHP Strict Standards:  Declaration of The_Bootstrap_Nav_Walker::start_lvl() should be compatible with Walker::start_lvl(&$output, $depth = 0, $args = Array) in /var/wp_sites/uafuml/public/wp-content/themes/the-bootstrap/inc/nav-menu-walker.php on line 104
[22-Apr-2014 20:26:37 UTC] PHP Strict Standards:  Declaration of The_Bootstrap_Nav_Walker::start_el() should be compatible with Walker::start_el(&$output, $object, $depth = 0, $args = Array, $current_object_id = 0) in /var/wp_sites/uafuml/public/wp-content/themes/the-bootstrap/inc/nav-menu-walker.php on line 104
[22-Apr-2014 20:26:37 UTC] PHP Notice:  Undefined index: HTTP_HOST in /var/wp_sites/uafuml/public/wp-includes/canonical.php on line 48
[22-Apr-2014 20:27:07 UTC] PHP Strict Standards:  Declaration of The_Bootstrap_Nav_Walker::start_lvl() should be compatible with Walker::start_lvl(&$output, $depth = 0, $args = Array) in /var/wp_sites/uafuml/public/wp-content/themes/the-bootstrap/inc/nav-menu-walker.php on line 104
[22-Apr-2014 20:27:07 UTC] PHP Strict Standards:  Declaration of The_Bootstrap_Nav_Walker::start_el() should be compatible with Walker::start_el(&$output, $object, $depth = 0, $args = Array, $current_object_id = 0) in /var/wp_sites/uafuml/public/wp-content/themes/the-bootstrap/inc/nav-menu-walker.php on line 104
[22-Apr-2014 20:29:07 UTC] PHP Strict Standards:  Declaration of The_Bootstrap_Nav_Walker::start_lvl() should be compatible with Walker::start_lvl(&$output, $depth = 0, $args = Array) in /var/wp_sites/uafuml/public/wp-content/themes/the-bootstrap/inc/nav-menu-walker.php on line 104
[22-Apr-2014 20:29:07 UTC] PHP Strict Standards:  Declaration of The_Bootstrap_Nav_Walker::start_el() should be compatible with Walker::start_el(&$output, $object, $depth = 0, $args = Array, $current_object_id = 0) in /var/wp_sites/uafuml/public/wp-content/themes/the-bootstrap/inc/nav-menu-walker.php on line 104
[22-Apr-2014 20:35:02 UTC] PHP Strict Standards:  Declaration of The_Bootstrap_Nav_Walker::start_lvl() should be compatible with Walker::start_lvl(&$output, $depth = 0, $args = Array) in /var/wp_sites/uafuml/public/wp-content/themes/the-bootstrap/inc/nav-menu-walker.php on line 104
[22-Apr-2014 20:35:02 UTC] PHP Strict Standards:  Declaration of The_Bootstrap_Nav_Walker::start_el() should be compatible with Walker::start_el(&$output, $object, $depth = 0, $args = Array, $current_object_id = 0) in /var/wp_sites/uafuml/public/wp-content/themes/the-bootstrap/inc/nav-menu-walker.php on line 104
[22-Apr-2014 20:35:02 UTC] PHP Notice:  Undefined index: HTTP_HOST in /var/wp_sites/uafuml/public/wp-includes/canonical.php on line 48
[22-Apr-2014 20:42:38 UTC] PHP Strict Standards:  Declaration of The_Bootstrap_Nav_Walker::start_lvl() should be compatible with Walker::start_lvl(&$output, $depth = 0, $args = Array) in /var/wp_sites/uafuml/public/wp-content/themes/the-bootstrap/inc/nav-menu-walker.php on line 104
[22-Apr-2014 20:42:38 UTC] PHP Strict Standards:  Declaration of The_Bootstrap_Nav_Walker::start_el() should be compatible with Walker::start_el(&$output, $object, $depth = 0, $args = Array, $current_object_id = 0) in /var/wp_sites/uafuml/public/wp-content/themes/the-bootstrap/inc/nav-menu-walker.php on line 104
[22-Apr-2014 20:42:38 UTC] PHP Notice:  Undefined index: HTTP_HOST in /var/wp_sites/uafuml/public/wp-includes/canonical.php on line 48
[22-Apr-2014 21:08:34 UTC] PHP Strict Standards:  Declaration of The_Bootstrap_Nav_Walker::start_lvl() should be compatible with Walker::start_lvl(&$output, $depth = 0, $args = Array) in /var/wp_sites/uafuml/public/wp-content/themes/the-bootstrap/inc/nav-menu-walker.php on line 104
[22-Apr-2014 21:08:34 UTC] PHP Strict Standards:  Declaration of The_Bootstrap_Nav_Walker::start_el() should be compatible with Walker::start_el(&$output, $object, $depth = 0, $args = Array, $current_object_id = 0) in /var/wp_sites/uafuml/public/wp-content/themes/the-bootstrap/inc/nav-menu-walker.php on line 104
[22-Apr-2014 21:08:34 UTC] PHP Notice:  Undefined index: HTTP_HOST in /var/wp_sites/uafuml/public/wp-includes/canonical.php on line 48
[22-Apr-2014 21:26:17 UTC] PHP Strict Standards:  Declaration of The_Bootstrap_Nav_Walker::start_lvl() should be compatible with Walker::start_lvl(&$output, $depth = 0, $args = Array) in /var/wp_sites/uafuml/public/wp-content/themes/the-bootstrap/inc/nav-menu-walker.php on line 104
[22-Apr-2014 21:26:17 UTC] PHP Strict Standards:  Declaration of The_Bootstrap_Nav_Walker::start_el() should be compatible with Walker::start_el(&$output, $object, $depth = 0, $args = Array, $current_object_id = 0) in /var/wp_sites/uafuml/public/wp-content/themes/the-bootstrap/inc/nav-menu-walker.php on line 104
[22-Apr-2014 21:26:17 UTC] PHP Notice:  Undefined index: HTTP_HOST in /var/wp_sites/uafuml/public/wp-includes/canonical.php on line 48
[23-Apr-2014 00:00:01 UTC] PHP Strict Standards:  Declaration of The_Bootstrap_Nav_Walker::start_lvl() should be compatible with Walker::start_lvl(&$output, $depth = 0, $args = Array) in /var/wp_sites/uafuml/public/wp-content/themes/the-bootstrap/inc/nav-menu-walker.php on line 104
[23-Apr-2014 00:00:01 UTC] PHP Strict Standards:  Declaration of The_Bootstrap_Nav_Walker::start_el() should be compatible with Walker::start_el(&$output, $object, $depth = 0, $args = Array, $current_object_id = 0) in /var/wp_sites/uafuml/public/wp-content/themes/the-bootstrap/inc/nav-menu-walker.php on line 104
[23-Apr-2014 00:00:01 UTC] PHP Notice:  Undefined index: HTTP_HOST in /var/wp_sites/uafuml/public/wp-includes/canonical.php on line 48
[23-Apr-2014 00:18:18 UTC] PHP Strict Standards:  Declaration of The_Bootstrap_Nav_Walker::start_lvl() should be compatible with Walker::start_lvl(&$output, $depth = 0, $args = Array) in /var/wp_sites/uafuml/public/wp-content/themes/the-bootstrap/inc/nav-menu-walker.php on line 104
[23-Apr-2014 00:18:18 UTC] PHP Strict Standards:  Declaration of The_Bootstrap_Nav_Walker::start_el() should be compatible with Walker::start_el(&$output, $object, $depth = 0, $args = Array, $current_object_id = 0) in /var/wp_sites/uafuml/public/wp-content/themes/the-bootstrap/inc/nav-menu-walker.php on line 104
[23-Apr-2014 00:26:18 UTC] PHP Strict Standards:  Declaration of The_Bootstrap_Nav_Walker::start_lvl() should be compatible with Walker::start_lvl(&$output, $depth = 0, $args = Array) in /var/wp_sites/uafuml/public/wp-content/themes/the-bootstrap/inc/nav-menu-walker.php on line 104
[23-Apr-2014 00:26:18 UTC] PHP Strict Standards:  Declaration of The_Bootstrap_Nav_Walker::start_el() should be compatible with Walker::start_el(&$output, $object, $depth = 0, $args = Array, $current_object_id = 0) in /var/wp_sites/uafuml/public/wp-content/themes/the-bootstrap/inc/nav-menu-walker.php on line 104
[23-Apr-2014 00:27:08 UTC] PHP Parse error:  syntax error, unexpected ')', expecting '(' in /var/wp_sites/uafuml/public/wp-content/themes/the-bootstrap/inc/nav-menu-walker.php on line 15
[23-Apr-2014 00:27:27 UTC] PHP Strict Standards:  Declaration of The_Bootstrap_Nav_Walker::start_lvl() should be compatible with Walker::start_lvl(&$output, $depth = 0, $args = Array) in /var/wp_sites/uafuml/public/wp-content/themes/the-bootstrap/inc/nav-menu-walker.php on line 104
[23-Apr-2014 00:27:27 UTC] PHP Strict Standards:  Declaration of The_Bootstrap_Nav_Walker::start_el() should be compatible with Walker::start_el(&$output, $object, $depth = 0, $args = Array, $current_object_id = 0) in /var/wp_sites/uafuml/public/wp-content/themes/the-bootstrap/inc/nav-menu-walker.php on line 104
[23-Apr-2014 00:28:07 UTC] PHP Parse error:  syntax error, unexpected ')', expecting '(' in /var/wp_sites/uafuml/public/wp-content/themes/the-bootstrap/inc/nav-menu-walker.php on line 15
[23-Apr-2014 00:28:20 UTC] PHP Strict Standards:  Declaration of The_Bootstrap_Nav_Walker::start_lvl() should be compatible with Walker::start_lvl(&$output, $depth = 0, $args = Array) in /var/wp_sites/uafuml/public/wp-content/themes/the-bootstrap/inc/nav-menu-walker.php on line 104
[23-Apr-2014 00:28:20 UTC] PHP Strict Standards:  Declaration of The_Bootstrap_Nav_Walker::start_el() should be compatible with Walker::start_el(&$output, $object, $depth = 0, $args = Array, $current_object_id = 0) in /var/wp_sites/uafuml/public/wp-content/themes/the-bootstrap/inc/nav-menu-walker.php on line 104
[23-Apr-2014 00:30:54 UTC] PHP Parse error:  syntax error, unexpected ')', expecting '(' in /var/wp_sites/uafuml/public/wp-content/themes/the-bootstrap/inc/nav-menu-walker.php on line 15
[23-Apr-2014 00:31:12 UTC] PHP Strict Standards:  Declaration of The_Bootstrap_Nav_Walker::start_lvl() should be compatible with Walker::start_lvl(&$output, $depth = 0, $args = Array) in /var/wp_sites/uafuml/public/wp-content/themes/the-bootstrap/inc/nav-menu-walker.php on line 104
[23-Apr-2014 00:31:12 UTC] PHP Strict Standards:  Declaration of The_Bootstrap_Nav_Walker::start_el() should be compatible with Walker::start_el(&$output, $object, $depth = 0, $args = Array, $current_object_id = 0) in /var/wp_sites/uafuml/public/wp-content/themes/the-bootstrap/inc/nav-menu-walker.php on line 104
[23-Apr-2014 00:32:38 UTC] PHP Strict Standards:  Declaration of The_Bootstrap_Nav_Walker::start_lvl() should be compatible with Walker::start_lvl(&$output, $depth = 0, $args = Array) in /var/wp_sites/uafuml/public/wp-content/themes/the-bootstrap/inc/nav-menu-walker.php on line 104
[23-Apr-2014 00:32:38 UTC] PHP Strict Standards:  Declaration of The_Bootstrap_Nav_Walker::start_el() should be compatible with Walker::start_el(&$output, $object, $depth = 0, $args = Array, $current_object_id = 0) in /var/wp_sites/uafuml/public/wp-content/themes/the-bootstrap/inc/nav-menu-walker.php on line 104
[23-Apr-2014 00:33:30 UTC] PHP Strict Standards:  Declaration of The_Bootstrap_Nav_Walker::start_el() should be compatible with Walker::start_el(&$output, $object, $depth = 0, $args = Array, $current_object_id = 0) in /var/wp_sites/uafuml/public/wp-content/themes/the-bootstrap/inc/nav-menu-walker.php on line 104
[23-Apr-2014 00:34:03 UTC] PHP Strict Standards:  Declaration of The_Bootstrap_Nav_Walker::start_el() should be compatible with Walker::start_el(&$output, $object, $depth = 0, $args = Array, $current_object_id = 0) in /var/wp_sites/uafuml/public/wp-content/themes/the-bootstrap/inc/nav-menu-walker.php on line 104
[23-Apr-2014 00:34:27 UTC] PHP Strict Standards:  Declaration of The_Bootstrap_Nav_Walker::start_el() should be compatible with Walker::start_el(&$output, $object, $depth = 0, $args = Array, $current_object_id = 0) in /var/wp_sites/uafuml/public/wp-content/themes/the-bootstrap/inc/nav-menu-walker.php on line 104
[23-Apr-2014 00:56:41 UTC] PHP Notice:  Undefined index: HTTP_HOST in /var/wp_sites/uafuml/public/wp-includes/canonical.php on line 48
[23-Apr-2014 01:07:11 UTC] PHP Notice:  Undefined index: HTTP_HOST in /var/wp_sites/uafuml/public/wp-includes/canonical.php on line 48
[23-Apr-2014 01:55:56 UTC] PHP Notice:  Undefined index: HTTP_HOST in /var/wp_sites/uafuml/public/wp-includes/canonical.php on line 48
[23-Apr-2014 01:59:21 UTC] PHP Notice:  Undefined index: HTTP_HOST in /var/wp_sites/uafuml/public/wp-includes/canonical.php on line 48
[23-Apr-2014 15:07:31 UTC] PHP Notice:  Undefined index: HTTP_HOST in /var/wp_sites/uafuml/public/wp-includes/canonical.php on line 48
[23-Apr-2014 17:10:15 UTC] PHP Notice:  Undefined index: HTTP_HOST in /var/wp_sites/uafuml/public/wp-includes/canonical.php on line 48
[23-Apr-2014 17:38:43 UTC] PHP Notice:  Undefined index: HTTP_HOST in /var/wp_sites/uafuml/public/wp-includes/canonical.php on line 48
[23-Apr-2014 23:12:05 UTC] PHP Notice:  Undefined index: HTTP_HOST in /var/wp_sites/uafuml/public/wp-includes/canonical.php on line 48
[23-Apr-2014 23:12:05 UTC] PHP Notice:  Undefined index: path in /var/wp_sites/uafuml/public/wp-includes/canonical.php on line 398
[23-Apr-2014 23:12:05 UTC] PHP Notice:  Undefined index: HTTP_HOST in /var/wp_sites/uafuml/public/wp-includes/canonical.php on line 48
[23-Apr-2014 23:12:05 UTC] PHP Notice:  Undefined index: path in /var/wp_sites/uafuml/public/wp-includes/canonical.php on line 398
[23-Apr-2014 23:37:37 UTC] PHP Notice:  Undefined index: HTTP_HOST in /var/wp_sites/uafuml/public/wp-includes/canonical.php on line 48
[23-Apr-2014 23:37:37 UTC] PHP Notice:  Undefined index: path in /var/wp_sites/uafuml/public/wp-includes/canonical.php on line 398
[23-Apr-2014 23:37:37 UTC] PHP Notice:  Undefined index: HTTP_HOST in /var/wp_sites/uafuml/public/wp-includes/canonical.php on line 48
[23-Apr-2014 23:37:37 UTC] PHP Notice:  Undefined index: path in /var/wp_sites/uafuml/public/wp-includes/canonical.php on line 398
[24-Apr-2014 00:09:46 UTC] PHP Notice:  Undefined index: HTTP_HOST in /var/wp_sites/uafuml/public/wp-includes/canonical.php on line 48
[24-Apr-2014 00:10:22 UTC] PHP Notice:  Undefined index: HTTP_HOST in /var/wp_sites/uafuml/public/wp-includes/canonical.php on line 48
[24-Apr-2014 00:33:56 UTC] PHP Notice:  Undefined index: HTTP_HOST in /var/wp_sites/uafuml/public/wp-includes/canonical.php on line 48
[24-Apr-2014 00:33:56 UTC] PHP Notice:  Undefined index: path in /var/wp_sites/uafuml/public/wp-includes/canonical.php on line 398
[24-Apr-2014 00:33:56 UTC] PHP Notice:  Undefined index: HTTP_HOST in /var/wp_sites/uafuml/public/wp-includes/canonical.php on line 48
[24-Apr-2014 00:33:56 UTC] PHP Notice:  Undefined index: path in /var/wp_sites/uafuml/public/wp-includes/canonical.php on line 398
[24-Apr-2014 01:00:51 UTC] PHP Notice:  Undefined index: HTTP_HOST in /var/wp_sites/uafuml/public/wp-includes/canonical.php on line 48
[24-Apr-2014 01:00:51 UTC] PHP Notice:  Undefined index: path in /var/wp_sites/uafuml/public/wp-includes/canonical.php on line 398
[24-Apr-2014 01:00:51 UTC] PHP Notice:  Undefined index: HTTP_HOST in /var/wp_sites/uafuml/public/wp-includes/canonical.php on line 48
[24-Apr-2014 01:00:51 UTC] PHP Notice:  Undefined index: path in /var/wp_sites/uafuml/public/wp-includes/canonical.php on line 398
[24-Apr-2014 01:14:15 UTC] PHP Notice:  Undefined index: HTTP_HOST in /var/wp_sites/uafuml/public/wp-includes/canonical.php on line 48
[24-Apr-2014 05:42:58 UTC] PHP Notice:  Undefined index: HTTP_HOST in /var/wp_sites/uafuml/public/wp-includes/canonical.php on line 48
[24-Apr-2014 08:20:05 UTC] PHP Notice:  Undefined index: HTTP_HOST in /var/wp_sites/uafuml/public/wp-includes/canonical.php on line 48
